<?xml version="1.0" encoding="UTF-8"?>
<testng-results ignored="0" total="1" passed="1" failed="0" skipped="0">
  <reporter-output>
  </reporter-output>
  <suite started-at="2022-03-25T01:18:40 IST" name="Default suite" finished-at="2022-03-25T01:18:57 IST" duration-ms="17178">
    <groups>
    </groups>
    <test started-at="2022-03-25T01:18:40 IST" name="Default test" finished-at="2022-03-25T01:18:57 IST" duration-ms="17178">
      <class name="_1_RahulShettyClasses._21_ExtentReportsTestNG">
        <test-method is-config="true" signature="config()[pri:0, instance:_1_RahulShettyClasses._21_ExtentReportsTestNG@14555e0a]" started-at="2022-03-25T01:18:40 IST" name="config" finished-at="2022-03-25T01:18:40 IST" duration-ms="813" status="PASS">
          <reporter-output>
          </reporter-output>
        </test-method> <!-- config -->
        <test-method signature="setup()[pri:0, instance:_1_RahulShettyClasses._21_ExtentReportsTestNG@14555e0a]" started-at="2022-03-25T01:18:40 IST" name="setup" finished-at="2022-03-25T01:18:57 IST" duration-ms="16284" status="PASS">
          <reporter-output>
          </reporter-output>
        </test-method> <!-- setup -->
      </class> <!-- _1_RahulShettyClasses._21_ExtentReportsTestNG -->
    </test> <!-- Default test -->
  </suite> <!-- Default suite -->
</testng-results>
